Started by user [8mha:AAAAlx+LCAAAAAAAAP9b85aBtbiIQTGjNKU4P08vOT+vOD8nVc83PyU1x6OyILUoJzMv2y+/JJUBAhiZGBgqihhk0NSjKDWzXb3RdlLBUSYGJk8GtpzUvPSSDB8G5tKinBIGIZ+sxLJE/ZzEvHT94JKizLx0a6BxUmjGOUNodHsLgAzeEgZu/dLi1CL9xJTczDwACG0V4sAAAAA=[0mJenkins Admin
[EnvInject] - Loading node environment variables.
[EnvInject] - Preparing an environment for the build.
[EnvInject] - Keeping Jenkins system variables.
[EnvInject] - Keeping Jenkins build variables.
[EnvInject] - Executing and processing the following script content: 
INTEGRATION_HOST=http://crud-node-6-node6-restful.apps.10.2.2.2.xip.io

[jenkins] $ /bin/sh -xe /tmp/hudson4480949846106551863.sh
+ INTEGRATION_HOST=http://crud-node-6-node6-restful.apps.10.2.2.2.xip.io
[EnvInject] - Script executed successfully.
[EnvInject] - Injecting contributions.
Building in workspace /var/lib/jenkins/jobs/Integration Tests/workspace
 > git rev-parse --is-inside-work-tree # timeout=10
Fetching changes from the remote Git repository
 > git config remote.origin.url https://github.com/cesarvr/micro_service.git # timeout=10
Fetching upstream changes from https://github.com/cesarvr/micro_service.git
 > git --version # timeout=10
using .gitcredentials to set credentials
 > git config --local credential.username cesarv01@gmail.com # timeout=10
 > git config --local credential.helper store --file=/tmp/git284156040007930774.credentials # timeout=10
 > git -c core.askpass=true fetch --tags --progress https://github.com/cesarvr/micro_service.git +refs/heads/*:refs/remotes/origin/*
 > git config --local --remove-section credential # timeout=10
 > git rev-parse refs/remotes/origin/master^{commit} # timeout=10
 > git rev-parse refs/remotes/origin/origin/master^{commit} # timeout=10
Checking out Revision 032753ca7ec1f2942df48304101dc0b5b0dbc937 (refs/remotes/origin/master)
 > git config core.sparsecheckout # timeout=10
 > git checkout -f 032753ca7ec1f2942df48304101dc0b5b0dbc937
 > git rev-list 032753ca7ec1f2942df48304101dc0b5b0dbc937 # timeout=10
[workspace] $ /bin/sh -xe /tmp/hudson5934762892756512409.sh
+ npm install
example@1.0.0 /var/lib/jenkins/jobs/Integration Tests/workspace
+-- body-parser@1.15.2 
| +-- bytes@2.4.0 
| +-- content-type@1.0.2 
| +-- debug@2.2.0 
| | `-- ms@0.7.1 
| +-- depd@1.1.0 
| +-- http-errors@1.5.0 
| | +-- inherits@2.0.1 
| | +-- setprototypeof@1.0.1 
| | `-- statuses@1.3.0 
| +-- iconv-lite@0.4.13 
| +-- on-finished@2.3.0 
| | `-- ee-first@1.1.1 
| +-- qs@6.2.0 
| +-- raw-body@2.1.7 
| | `-- unpipe@1.0.0 
| `-- type-is@1.6.13 
|   +-- media-typer@0.3.0 
|   `-- mime-types@2.1.11 
|     `-- mime-db@1.23.0 
+-- chai@3.5.0 
| +-- assertion-error@1.0.2 
| +-- deep-eql@0.1.3 
| | `-- type-detect@0.1.1 
| `-- type-detect@1.0.0 
+-- cors@2.7.1 
| `-- vary@1.1.0 
+-- express@4.14.0 
| +-- accepts@1.3.3 
| | `-- negotiator@0.6.1 
| +-- array-flatten@1.1.1 
| +-- content-disposition@0.5.1 
| +-- cookie@0.3.1 
| +-- cookie-signature@1.0.6 
| +-- encodeurl@1.0.1 
| +-- escape-html@1.0.3 
| +-- etag@1.7.0 
| +-- finalhandler@0.5.0 
| +-- fresh@0.3.0 
| +-- merge-descriptors@1.0.1 
| +-- methods@1.1.2 
| +-- parseurl@1.3.1 
| +-- path-to-regexp@0.1.7 
| +-- proxy-addr@1.1.2 
| | +-- forwarded@0.1.0 
| | `-- ipaddr.js@1.1.1 
| +-- range-parser@1.2.0 
| +-- send@0.14.1 
| | `-- destroy@1.0.4 
| +-- serve-static@1.11.1 
| `-- utils-merge@1.0.0 
+-- mocha@3.0.2 
| +-- browser-stdout@1.3.0 
| +-- commander@2.9.0 
| | `-- graceful-readlink@1.0.1 
| +-- diff@1.4.0 
| +-- escape-string-regexp@1.0.5 
| +-- glob@7.0.5 
| | +-- fs.realpath@1.0.0 
| | +-- inflight@1.0.5 
| | | `-- wrappy@1.0.2 
| | +-- minimatch@3.0.3 
| | | `-- brace-expansion@1.1.6 
| | |   +-- balanced-match@0.4.2 
| | |   `-- concat-map@0.0.1 
| | +-- once@1.3.3 
| | `-- path-is-absolute@1.0.0 
| +-- growl@1.9.2 
| +-- json3@3.3.2 
| +-- lodash.create@3.1.1 
| | +-- lodash._baseassign@3.2.0 
| | | +-- lodash._basecopy@3.0.1 
| | | `-- lodash.keys@3.1.2 
| | |   +-- lodash._getnative@3.9.1 
| | |   +-- lodash.isarguments@3.1.0 
| | |   `-- lodash.isarray@3.0.4 
| | +-- lodash._basecreate@3.0.3 
| | `-- lodash._isiterateecall@3.0.9 
| +-- mkdirp@0.5.1 
| | `-- minimist@0.0.8 
| `-- supports-color@3.1.2 
|   `-- has-flag@1.0.0 
+-- mocha-junit-reporter@1.12.0 
| +-- md5@2.1.0 
| | +-- charenc@0.0.1 
| | +-- crypt@0.0.1 
| | `-- is-buffer@1.1.4 
| `-- xml@1.0.1 
+-- mongodb@2.2.6 
| +-- es6-promise@3.0.2 
| +-- mongodb-core@2.0.8 
| | +-- bson@0.5.3 
| | `-- require_optional@1.0.0 
| |   +-- resolve-from@2.0.0 
| |   `-- semver@5.3.0 
| `-- readable-stream@1.0.31 
|   +-- core-util-is@1.0.2 
|   +-- isarray@0.0.1 
|   `-- string_decoder@0.10.31 
+-- mongoskin@2.1.0 
+-- sinon@1.17.5 
| +-- formatio@1.1.1 
| +-- lolex@1.3.2 
| +-- samsam@1.1.2 
| `-- util@0.10.3 
+-- superagent@2.2.0 
| +-- component-emitter@1.2.1 
| +-- cookiejar@2.1.0 
| +-- extend@3.0.0 
| +-- form-data@1.0.0-rc4 
| | +-- async@1.5.2 
| | `-- combined-stream@1.0.5 
| |   `-- delayed-stream@1.0.0 
| +-- formidable@1.0.17 
| +-- mime@1.3.4 
| `-- readable-stream@2.1.5 
|   +-- buffer-shims@1.0.0 
|   +-- isarray@1.0.0 
|   +-- process-nextick-args@1.0.7 
|   `-- util-deprecate@1.0.2 
`-- underscore@1.8.3 

npm WARN example@1.0.0 No repository field.
+ npm run integration

> example@1.0.0 integration /var/lib/jenkins/jobs/Integration Tests/workspace
> mocha --recursive -R xunit test/integration/integration > report/test-integration-reports.xml

double callback!
double callback!
double callback!

npm ERR! Linux 4.2.3-300.fc23.x86_64
npm ERR! argv "/var/lib/jenkins/tools/jenkins.plugins.nodejs.tools.NodeJSInstallation/node6/bin/node" "/var/lib/jenkins/tools/jenkins.plugins.nodejs.tools.NodeJSInstallation/node6/bin/npm" "run" "integration"
npm ERR! node v6.3.1
npm ERR! npm  v3.10.3
npm ERR! code ELIFECYCLE
npm ERR! example@1.0.0 integration: `mocha --recursive -R xunit test/integration/integration > report/test-integration-reports.xml`
npm ERR! Exit status 3
npm ERR! 
npm ERR! Failed at the example@1.0.0 integration script 'mocha --recursive -R xunit test/integration/integration > report/test-integration-reports.xml'.
npm ERR! Make sure you have the latest version of node.js and npm installed.
npm ERR! If you do, this is most likely a problem with the example package,
npm ERR! not with npm itself.
npm ERR! Tell the author that this fails on your system:
npm ERR!     mocha --recursive -R xunit test/integration/integration > report/test-integration-reports.xml
npm ERR! You can get information on how to open an issue for this project with:
npm ERR!     npm bugs example
npm ERR! Or if that isn't available, you can get their info via:
npm ERR!     npm owner ls example
npm ERR! There is likely additional logging output above.

npm ERR! Please include the following file with any support request:
npm ERR!     /var/lib/jenkins/jobs/Integration Tests/workspace/npm-debug.log
Build step 'Execute shell' marked build as failure
Recording test results
Finished: FAILURE
