Started by user [8mha:AAAAlx+LCAAAAAAAAP9b85aBtbiIQTGjNKU4P08vOT+vOD8nVc83PyU1x6OyILUoJzMv2y+/JJUBAhiZGBgqihhk0NSjKDWzXb3RdlLBUSYGJk8GtpzUvPSSDB8G5tKinBIGIZ+sxLJE/ZzEvHT94JKizLx0a6BxUmjGOUNodHsLgAzeEgZu/dLi1CL9xJTczDwACG0V4sAAAAA=[0mJenkins Admin
[EnvInject] - Loading node environment variables.
[EnvInject] - Preparing an environment for the build.
[EnvInject] - Keeping Jenkins system variables.
[EnvInject] - Keeping Jenkins build variables.
[EnvInject] - Executing and processing the following script content: 
INTEGRATION_HOST=http://crud-node-6-node6-restful.apps.10.2.2.2.xip.io

[jenkins] $ /bin/sh -xe /tmp/hudson5503534192347670187.sh
+ INTEGRATION_HOST=http://crud-node-6-node6-restful.apps.10.2.2.2.xip.io
[EnvInject] - Script executed successfully.
[EnvInject] - Injecting contributions.
Building in workspace /var/lib/jenkins/jobs/Integration Tests/workspace
 > git rev-parse --is-inside-work-tree # timeout=10
Fetching changes from the remote Git repository
 > git config remote.origin.url https://github.com/cesarvr/micro_service.git # timeout=10
Fetching upstream changes from https://github.com/cesarvr/micro_service.git
 > git --version # timeout=10
using .gitcredentials to set credentials
 > git config --local credential.username cesarv01@gmail.com # timeout=10
 > git config --local credential.helper store --file=/tmp/git4607011512915332021.credentials # timeout=10
 > git -c core.askpass=true fetch --tags --progress https://github.com/cesarvr/micro_service.git +refs/heads/*:refs/remotes/origin/*
 > git config --local --remove-section credential # timeout=10
 > git rev-parse refs/remotes/origin/master^{commit} # timeout=10
 > git rev-parse refs/remotes/origin/origin/master^{commit} # timeout=10
Checking out Revision fe3105c7e4f644c7eae85e7a768297491448c9e7 (refs/remotes/origin/master)
 > git config core.sparsecheckout # timeout=10
 > git checkout -f fe3105c7e4f644c7eae85e7a768297491448c9e7
 > git rev-list fe3105c7e4f644c7eae85e7a768297491448c9e7 # timeout=10
[workspace] $ /bin/sh -xe /tmp/hudson37194627058107405.sh
+ npm install
npm WARN example@1.0.0 No repository field.
+ npm run integration

> example@1.0.0 integration /var/lib/jenkins/jobs/Integration Tests/workspace
> mocha --recursive -R xunit test/integration/integration > report/test-integration-reports.xml

sh: report/test-integration-reports.xml: No such file or directory

npm ERR! Linux 4.2.3-300.fc23.x86_64
npm ERR! argv "/var/lib/jenkins/tools/jenkins.plugins.nodejs.tools.NodeJSInstallation/node6/bin/node" "/var/lib/jenkins/tools/jenkins.plugins.nodejs.tools.NodeJSInstallation/node6/bin/npm" "run" "integration"
npm ERR! node v6.3.1
npm ERR! npm  v3.10.3
npm ERR! code ELIFECYCLE
npm ERR! example@1.0.0 integration: `mocha --recursive -R xunit test/integration/integration > report/test-integration-reports.xml`
npm ERR! Exit status 1
npm ERR! 
npm ERR! Failed at the example@1.0.0 integration script 'mocha --recursive -R xunit test/integration/integration > report/test-integration-reports.xml'.
npm ERR! Make sure you have the latest version of node.js and npm installed.
npm ERR! If you do, this is most likely a problem with the example package,
npm ERR! not with npm itself.
npm ERR! Tell the author that this fails on your system:
npm ERR!     mocha --recursive -R xunit test/integration/integration > report/test-integration-reports.xml
npm ERR! You can get information on how to open an issue for this project with:
npm ERR!     npm bugs example
npm ERR! Or if that isn't available, you can get their info via:
npm ERR!     npm owner ls example
npm ERR! There is likely additional logging output above.

npm ERR! Please include the following file with any support request:
npm ERR!     /var/lib/jenkins/jobs/Integration Tests/workspace/npm-debug.log
Build step 'Execute shell' marked build as failure
Recording test results
ERROR: Step â€˜Publish JUnit test result reportâ€™ failed: No test report files were found. Configuration error?
[8mha:AAAAWB+LCAAAAAAAAP9b85aBtbiIQSmjNKU4P08vOT+vOD8nVc8DzHWtSE4tKMnMz/PLL0ldFVf2c+b/lb5MDAwVRQxSaBqcITRIIQMEMIIUFgAAckCEiWAAAAA=[0mFinished: FAILURE
