<?xml version='1.0' encoding='UTF-8'?>
<result plugin="junit@1.18">
  <suites>
    <suite>
      <file>/var/lib/jenkins/jobs/building and deployment/workspace/report/test-integration-reports.xml</file>
      <name>Mocha Tests</name>
      <duration>0.955</duration>
      <timestamp>Wed, 17 Aug 2016 06:16:43 GMT</timestamp>
      <time>0.955</time>
      <cases>
        <case>
          <duration>0.0</duration>
          <className>express rest api server</className>
          <testName>post object</testName>
          <skipped>false</skipped>
          <errorStackTrace>expected [Error: Not Found] to deeply equal null
AssertionError: expected [Error: Not Found] to deeply equal null
    at test/integration/integration.js:17:22
    at Request.callback (node_modules/superagent/lib/node/index.js:603:3)
    at IncomingMessage.&lt;anonymous&gt; (node_modules/superagent/lib/node/index.js:767:18)
    at endReadableNT (_stream_readable.js:975:12)
    at _combinedTickCallback (internal/process/next_tick.js:74:11)
    at process._tickCallback (internal/process/next_tick.js:98:9)</errorStackTrace>
          <failedSince>6</failedSince>
        </case>
        <case>
          <duration>0.0</duration>
          <className>express rest api server</className>
          <testName>retrieves an object</testName>
          <skipped>false</skipped>
          <errorStackTrace>expected [Error: Not Found] to deeply equal null
AssertionError: expected [Error: Not Found] to deeply equal null
    at test/integration/integration.js:31:22
    at Request.callback (node_modules/superagent/lib/node/index.js:603:3)
    at IncomingMessage.&lt;anonymous&gt; (node_modules/superagent/lib/node/index.js:767:18)
    at endReadableNT (_stream_readable.js:975:12)
    at _combinedTickCallback (internal/process/next_tick.js:74:11)
    at process._tickCallback (internal/process/next_tick.js:98:9)</errorStackTrace>
          <failedSince>6</failedSince>
        </case>
        <case>
          <duration>0.0</duration>
          <className>express rest api server</className>
          <testName>retrieves a collection</testName>
          <skipped>false</skipped>
          <errorStackTrace>Cannot read property &apos;body&apos; of undefined
TypeError: Cannot read property &apos;body&apos; of undefined
    at test/integration/integration.js:41:26
    at Request.callback (node_modules/superagent/lib/node/index.js:587:12)
    at ClientRequest.&lt;anonymous&gt; (node_modules/superagent/lib/node/index.js:539:10)
    at Socket.socketErrorListener (_http_client.js:308:9)
    at connectErrorNT (net.js:1015:8)
    at _combinedTickCallback (internal/process/next_tick.js:74:11)
    at process._tickCallback (internal/process/next_tick.js:98:9)</errorStackTrace>
          <failedSince>6</failedSince>
        </case>
      </cases>
    </suite>
  </suites>
  <duration>0.955</duration>
  <keepLongStdio>false</keepLongStdio>
</result>